<?xml version="1.0" encoding="UTF-8"?>
<robot generator="Robot 7.3.2 (Python 3.13.2 on win32)" generated="2026-01-01T21:57:30.840862" rpa="false" schemaversion="5">
<suite id="s1" name="Tests" source="D:\3Year\SoftEn\Lab4\TestAutomationLab\tests">
<suite id="s1-s1" name="Success Registration" source="D:\3Year\SoftEn\Lab4\TestAutomationLab\tests\success_registration.robot">
<test id="s1-s1-t1" name="Open Workshop Registration Page" line="26">
<kw name="Open Workshop Registration Page">
<kw name="Open Chrome For Testing">
<kw name="Evaluate" owner="BuiltIn">
<msg time="2026-01-01T21:57:31.668337" level="INFO">${options} = &lt;selenium.webdriver.chrome.options.Options object at 0x00000289958352B0&gt;</msg>
<var>${options}</var>
<arg>sys.modules['selenium.webdriver'].ChromeOptions()</arg>
<arg>sys</arg>
<doc>Evaluates the given expression in Python and returns the result.</doc>
<status status="PASS" start="2026-01-01T21:57:31.667806" elapsed="0.000671"/>
</kw>
<kw name="Evaluate" owner="BuiltIn">
<arg>setattr($options, "binary_location", r"${CHROME_BROWSER_PATH}")</arg>
<doc>Evaluates the given expression in Python and returns the result.</doc>
<status status="PASS" start="2026-01-01T21:57:31.668663" elapsed="0.000727"/>
</kw>
<kw name="Evaluate" owner="BuiltIn">
<msg time="2026-01-01T21:57:31.670428" level="INFO">${service} = &lt;selenium.webdriver.chrome.service.Service object at 0x0000028995835010&gt;</msg>
<var>${service}</var>
<arg>sys.modules["selenium.webdriver.chrome.service"].Service(executable_path=r"${CHROME_DRIVER_PATH}")</arg>
<arg>sys</arg>
<doc>Evaluates the given expression in Python and returns the result.</doc>
<status status="PASS" start="2026-01-01T21:57:31.669661" elapsed="0.000798"/>
</kw>
<kw name="Create Webdriver" owner="SeleniumLibrary">
<msg time="2026-01-01T21:57:31.670732" level="INFO">Creating an instance of the Chrome WebDriver.</msg>
<arg>Chrome</arg>
<arg>options=${options}</arg>
<arg>service=${service}</arg>
<doc>Creates an instance of Selenium WebDriver.</doc>
<status status="PASS" start="2026-01-01T21:57:31.670568" elapsed="2.449556"/>
</kw>
<status status="PASS" start="2026-01-01T21:57:31.667379" elapsed="2.453065"/>
</kw>
<kw name="Go To" owner="SeleniumLibrary">
<msg time="2026-01-01T21:57:34.121036" level="INFO">Opening url 'http://localhost:7272/Lab4/Registration.html'</msg>
<arg>${URL}</arg>
<doc>Navigates the current browser window to the provided ``url``.</doc>
<status status="PASS" start="2026-01-01T21:57:34.120809" elapsed="0.191155"/>
</kw>
<status status="PASS" start="2026-01-01T21:57:31.667092" elapsed="2.645067"/>
</kw>
<kw name="Capture Page Screenshot" owner="SeleniumLibrary">
<msg time="2026-01-01T21:57:34.532072" level="INFO" html="true">&lt;/td&gt;&lt;/tr&gt;&lt;tr&gt;&lt;td colspan="3"&gt;&lt;a href="docs/Open_Regis_Success.png"&gt;&lt;img src="docs/Open_Regis_Success.png" width="800px"&gt;&lt;/a&gt;</msg>
<arg>docs/Open_Regis_Success.png</arg>
<doc>Takes a screenshot of the current page and embeds it into a log file.</doc>
<status status="PASS" start="2026-01-01T21:57:34.312537" elapsed="0.219664"/>
</kw>
<kw name="Close Browser" owner="SeleniumLibrary">
<doc>Closes the current browser.</doc>
<status status="PASS" start="2026-01-01T21:57:34.532530" elapsed="2.292582"/>
</kw>
<status status="PASS" start="2026-01-01T21:57:31.666455" elapsed="5.159017"/>
</test>
<test id="s1-s1-t2" name="Register Success" line="31">
<kw name="Open Workshop Registration Page">
<kw name="Open Chrome For Testing">
<kw name="Evaluate" owner="BuiltIn">
<msg time="2026-01-01T21:57:36.826751" level="INFO">${options} = &lt;selenium.webdriver.chrome.options.Options object at 0x00000289957CAE90&gt;</msg>
<var>${options}</var>
<arg>sys.modules['selenium.webdriver'].ChromeOptions()</arg>
<arg>sys</arg>
<doc>Evaluates the given expression in Python and returns the result.</doc>
<status status="PASS" start="2026-01-01T21:57:36.826548" elapsed="0.000225"/>
</kw>
<kw name="Evaluate" owner="BuiltIn">
<arg>setattr($options, "binary_location", r"${CHROME_BROWSER_PATH}")</arg>
<doc>Evaluates the given expression in Python and returns the result.</doc>
<status status="PASS" start="2026-01-01T21:57:36.826836" elapsed="0.000145"/>
</kw>
<kw name="Evaluate" owner="BuiltIn">
<msg time="2026-01-01T21:57:36.827383" level="INFO">${service} = &lt;selenium.webdriver.chrome.service.Service object at 0x00000289957C9BD0&gt;</msg>
<var>${service}</var>
<arg>sys.modules["selenium.webdriver.chrome.service"].Service(executable_path=r"${CHROME_DRIVER_PATH}")</arg>
<arg>sys</arg>
<doc>Evaluates the given expression in Python and returns the result.</doc>
<status status="PASS" start="2026-01-01T21:57:36.827036" elapsed="0.000366"/>
</kw>
<kw name="Create Webdriver" owner="SeleniumLibrary">
<msg time="2026-01-01T21:57:36.827580" level="INFO">Creating an instance of the Chrome WebDriver.</msg>
<arg>Chrome</arg>
<arg>options=${options}</arg>
<arg>service=${service}</arg>
<doc>Creates an instance of Selenium WebDriver.</doc>
<status status="PASS" start="2026-01-01T21:57:36.827470" elapsed="1.185731"/>
</kw>
<status status="PASS" start="2026-01-01T21:57:36.826435" elapsed="1.186902"/>
</kw>
<kw name="Go To" owner="SeleniumLibrary">
<msg time="2026-01-01T21:57:38.013695" level="INFO">Opening url 'http://localhost:7272/Lab4/Registration.html'</msg>
<arg>${URL}</arg>
<doc>Navigates the current browser window to the provided ``url``.</doc>
<status status="PASS" start="2026-01-01T21:57:38.013467" elapsed="0.087549"/>
</kw>
<status status="PASS" start="2026-01-01T21:57:36.826265" elapsed="1.274894"/>
</kw>
<kw name="Input Text" owner="SeleniumLibrary">
<msg time="2026-01-01T21:57:38.101915" level="INFO">Typing text 'Somyod' into text field 'id=firstname'.</msg>
<arg>id=firstname</arg>
<arg>${FIRSTNAME}</arg>
<doc>Types the given ``text`` into the text field identified by ``locator``.</doc>
<status status="PASS" start="2026-01-01T21:57:38.101444" elapsed="0.103088"/>
</kw>
<kw name="Input Text" owner="SeleniumLibrary">
<msg time="2026-01-01T21:57:38.205231" level="INFO">Typing text 'Sodsai' into text field 'id=lastname'.</msg>
<arg>id=lastname</arg>
<arg>${LASTNAME}</arg>
<doc>Types the given ``text`` into the text field identified by ``locator``.</doc>
<status status="PASS" start="2026-01-01T21:57:38.204908" elapsed="0.056595"/>
</kw>
<kw name="Input Text" owner="SeleniumLibrary">
<msg time="2026-01-01T21:57:38.262195" level="INFO">Typing text 'CS KKU' into text field 'id=organization'.</msg>
<arg>id=organization</arg>
<arg>${ORG}</arg>
<doc>Types the given ``text`` into the text field identified by ``locator``.</doc>
<status status="PASS" start="2026-01-01T21:57:38.261901" elapsed="0.052993"/>
</kw>
<kw name="Input Text" owner="SeleniumLibrary">
<msg time="2026-01-01T21:57:38.315426" level="INFO">Typing text 'somyod@kkumail.com' into text field 'id=email'.</msg>
<arg>id=email</arg>
<arg>${EMAIL}</arg>
<doc>Types the given ``text`` into the text field identified by ``locator``.</doc>
<status status="PASS" start="2026-01-01T21:57:38.315195" elapsed="0.058721"/>
</kw>
<kw name="Input Text" owner="SeleniumLibrary">
<msg time="2026-01-01T21:57:38.374846" level="INFO">Typing text '091-001-1234' into text field 'id=phone'.</msg>
<arg>id=phone</arg>
<arg>${PHONE}</arg>
<doc>Types the given ``text`` into the text field identified by ``locator``.</doc>
<status status="PASS" start="2026-01-01T21:57:38.374534" elapsed="0.047953"/>
</kw>
<kw name="Click Button" owner="SeleniumLibrary">
<msg time="2026-01-01T21:57:38.423199" level="INFO">Clicking button 'id=registerButton'.</msg>
<arg>id=registerButton</arg>
<doc>Clicks the button identified by ``locator``.</doc>
<status status="PASS" start="2026-01-01T21:57:38.422917" elapsed="0.100547"/>
</kw>
<kw name="Title Should Be" owner="SeleniumLibrary">
<msg time="2026-01-01T21:57:38.528983" level="INFO">Page title is 'Success'.</msg>
<arg>Success</arg>
<doc>Verifies that the current page title equals ``title``.</doc>
<status status="PASS" start="2026-01-01T21:57:38.523798" elapsed="0.005296"/>
</kw>
<kw name="Page Should Contain" owner="SeleniumLibrary">
<msg time="2026-01-01T21:57:38.539743" level="INFO">Current page contains text 'Thank you for registering with us.'.</msg>
<arg>Thank you for registering with us.</arg>
<doc>Verifies that current page contains ``text``.</doc>
<status status="PASS" start="2026-01-01T21:57:38.529487" elapsed="0.010384"/>
</kw>
<kw name="Page Should Contain" owner="SeleniumLibrary">
<msg time="2026-01-01T21:57:38.549068" level="INFO">Current page contains text 'We will send a confirmation to your email soon.'.</msg>
<arg>We will send a confirmation to your email soon.</arg>
<doc>Verifies that current page contains ``text``.</doc>
<status status="PASS" start="2026-01-01T21:57:38.540261" elapsed="0.008912"/>
</kw>
<kw name="Capture Page Screenshot" owner="SeleniumLibrary">
<msg time="2026-01-01T21:57:38.606218" level="INFO" html="true">&lt;/td&gt;&lt;/tr&gt;&lt;tr&gt;&lt;td colspan="3"&gt;&lt;a href="docs/Register_Success.png"&gt;&lt;img src="docs/Register_Success.png" width="800px"&gt;&lt;/a&gt;</msg>
<arg>docs/Register_Success.png</arg>
<doc>Takes a screenshot of the current page and embeds it into a log file.</doc>
<status status="PASS" start="2026-01-01T21:57:38.549450" elapsed="0.056879"/>
</kw>
<status status="PASS" start="2026-01-01T21:57:36.825956" elapsed="1.780655"/>
</test>
<test id="s1-s1-t3" name="Register Success No Organization Info" line="47">
<kw name="Open Workshop Registration Page">
<kw name="Open Chrome For Testing">
<kw name="Evaluate" owner="BuiltIn">
<msg time="2026-01-01T21:57:38.607896" level="INFO">${options} = &lt;selenium.webdriver.chrome.options.Options object at 0x0000028994F50910&gt;</msg>
<var>${options}</var>
<arg>sys.modules['selenium.webdriver'].ChromeOptions()</arg>
<arg>sys</arg>
<doc>Evaluates the given expression in Python and returns the result.</doc>
<status status="PASS" start="2026-01-01T21:57:38.607695" elapsed="0.000222"/>
</kw>
<kw name="Evaluate" owner="BuiltIn">
<arg>setattr($options, "binary_location", r"${CHROME_BROWSER_PATH}")</arg>
<doc>Evaluates the given expression in Python and returns the result.</doc>
<status status="PASS" start="2026-01-01T21:57:38.607990" elapsed="0.000148"/>
</kw>
<kw name="Evaluate" owner="BuiltIn">
<msg time="2026-01-01T21:57:38.608522" level="INFO">${service} = &lt;selenium.webdriver.chrome.service.Service object at 0x00000289957C9A90&gt;</msg>
<var>${service}</var>
<arg>sys.modules["selenium.webdriver.chrome.service"].Service(executable_path=r"${CHROME_DRIVER_PATH}")</arg>
<arg>sys</arg>
<doc>Evaluates the given expression in Python and returns the result.</doc>
<status status="PASS" start="2026-01-01T21:57:38.608198" elapsed="0.000345"/>
</kw>
<kw name="Create Webdriver" owner="SeleniumLibrary">
<msg time="2026-01-01T21:57:38.608759" level="INFO">Creating an instance of the Chrome WebDriver.</msg>
<arg>Chrome</arg>
<arg>options=${options}</arg>
<arg>service=${service}</arg>
<doc>Creates an instance of Selenium WebDriver.</doc>
<status status="PASS" start="2026-01-01T21:57:38.608618" elapsed="1.147511"/>
</kw>
<status status="PASS" start="2026-01-01T21:57:38.607569" elapsed="1.148725"/>
</kw>
<kw name="Go To" owner="SeleniumLibrary">
<msg time="2026-01-01T21:57:39.756727" level="INFO">Opening url 'http://localhost:7272/Lab4/Registration.html'</msg>
<arg>${URL}</arg>
<doc>Navigates the current browser window to the provided ``url``.</doc>
<status status="PASS" start="2026-01-01T21:57:39.756434" elapsed="0.061145"/>
</kw>
<status status="PASS" start="2026-01-01T21:57:38.607382" elapsed="1.210386"/>
</kw>
<kw name="Input Text" owner="SeleniumLibrary">
<msg time="2026-01-01T21:57:39.819954" level="INFO">Typing text 'Somyod' into text field 'id=firstname'.</msg>
<arg>id=firstname</arg>
<arg>${FIRSTNAME}</arg>
<doc>Types the given ``text`` into the text field identified by ``locator``.</doc>
<status status="PASS" start="2026-01-01T21:57:39.819358" elapsed="0.151113"/>
</kw>
<kw name="Input Text" owner="SeleniumLibrary">
<msg time="2026-01-01T21:57:39.971206" level="INFO">Typing text 'Sodsai' into text field 'id=lastname'.</msg>
<arg>id=lastname</arg>
<arg>${LASTNAME}</arg>
<doc>Types the given ``text`` into the text field identified by ``locator``.</doc>
<status status="PASS" start="2026-01-01T21:57:39.970882" elapsed="0.089390"/>
</kw>
<kw name="Input Text" owner="SeleniumLibrary">
<msg time="2026-01-01T21:57:40.061427" level="INFO">Typing text 'somyod@kkumail.com' into text field 'id=email'.</msg>
<arg>id=email</arg>
<arg>${EMAIL}</arg>
<doc>Types the given ``text`` into the text field identified by ``locator``.</doc>
<status status="PASS" start="2026-01-01T21:57:40.061077" elapsed="0.069738"/>
</kw>
<kw name="Input Text" owner="SeleniumLibrary">
<msg time="2026-01-01T21:57:40.131548" level="INFO">Typing text '091-001-1234' into text field 'id=phone'.</msg>
<arg>id=phone</arg>
<arg>${PHONE}</arg>
<doc>Types the given ``text`` into the text field identified by ``locator``.</doc>
<status status="PASS" start="2026-01-01T21:57:40.131202" elapsed="0.069280"/>
</kw>
<kw name="Click Button" owner="SeleniumLibrary">
<msg time="2026-01-01T21:57:40.201131" level="INFO">Clicking button 'id=registerButton'.</msg>
<arg>id=registerButton</arg>
<doc>Clicks the button identified by ``locator``.</doc>
<status status="PASS" start="2026-01-01T21:57:40.200911" elapsed="0.100287"/>
</kw>
<kw name="Title Should Be" owner="SeleniumLibrary">
<msg time="2026-01-01T21:57:40.315890" level="INFO">Page title is 'Success'.</msg>
<arg>Success</arg>
<doc>Verifies that the current page title equals ``title``.</doc>
<status status="PASS" start="2026-01-01T21:57:40.301595" elapsed="0.014414"/>
</kw>
<kw name="Page Should Contain" owner="SeleniumLibrary">
<msg time="2026-01-01T21:57:40.332428" level="INFO">Current page contains text 'Thank you for registering with us.'.</msg>
<arg>Thank you for registering with us.</arg>
<doc>Verifies that current page contains ``text``.</doc>
<status status="PASS" start="2026-01-01T21:57:40.316420" elapsed="0.016248"/>
</kw>
<kw name="Page Should Contain" owner="SeleniumLibrary">
<msg time="2026-01-01T21:57:40.344343" level="INFO">Current page contains text 'We will send a confirmation to your email soon.'.</msg>
<arg>We will send a confirmation to your email soon.</arg>
<doc>Verifies that current page contains ``text``.</doc>
<status status="PASS" start="2026-01-01T21:57:40.333035" elapsed="0.011508"/>
</kw>
<kw name="Capture Page Screenshot" owner="SeleniumLibrary">
<msg time="2026-01-01T21:57:40.418681" level="INFO" html="true">&lt;/td&gt;&lt;/tr&gt;&lt;tr&gt;&lt;td colspan="3"&gt;&lt;a href="docs/No_ORG_Success.png"&gt;&lt;img src="docs/No_ORG_Success.png" width="800px"&gt;&lt;/a&gt;</msg>
<arg>docs/No_ORG_Success.png</arg>
<doc>Takes a screenshot of the current page and embeds it into a log file.</doc>
<status status="PASS" start="2026-01-01T21:57:40.345084" elapsed="0.073722"/>
</kw>
<status status="PASS" start="2026-01-01T21:57:38.607034" elapsed="1.812055"/>
</test>
<status status="PASS" start="2026-01-01T21:57:30.913774" elapsed="9.505897"/>
</suite>
<suite id="s1-s2" name="Unsuccess Registration" source="D:\3Year\SoftEn\Lab4\TestAutomationLab\tests\unsuccess_registration.robot">
<test id="s1-s2-t1" name="Empty First Name" line="26">
<kw name="Open Workshop Registration Page">
<kw name="Open Chrome For Testing">
<kw name="Evaluate" owner="BuiltIn">
<msg time="2026-01-01T21:57:40.425394" level="INFO">${options} = &lt;selenium.webdriver.chrome.options.Options object at 0x00000289957B3950&gt;</msg>
<var>${options}</var>
<arg>sys.modules['selenium.webdriver'].ChromeOptions()</arg>
<arg>sys</arg>
<doc>Evaluates the given expression in Python and returns the result.</doc>
<status status="PASS" start="2026-01-01T21:57:40.425115" elapsed="0.000313"/>
</kw>
<kw name="Evaluate" owner="BuiltIn">
<arg>setattr($options, "binary_location", r"${CHROME_BROWSER_PATH}")</arg>
<doc>Evaluates the given expression in Python and returns the result.</doc>
<status status="PASS" start="2026-01-01T21:57:40.425530" elapsed="0.000225"/>
</kw>
<kw name="Evaluate" owner="BuiltIn">
<msg time="2026-01-01T21:57:40.426480" level="INFO">${service} = &lt;selenium.webdriver.chrome.service.Service object at 0x00000289957B36F0&gt;</msg>
<var>${service}</var>
<arg>sys.modules["selenium.webdriver.chrome.service"].Service(executable_path=r"${CHROME_DRIVER_PATH}")</arg>
<arg>sys</arg>
<doc>Evaluates the given expression in Python and returns the result.</doc>
<status status="PASS" start="2026-01-01T21:57:40.425970" elapsed="0.000541"/>
</kw>
<kw name="Create Webdriver" owner="SeleniumLibrary">
<msg time="2026-01-01T21:57:40.426791" level="INFO">Creating an instance of the Chrome WebDriver.</msg>
<arg>Chrome</arg>
<arg>options=${options}</arg>
<arg>service=${service}</arg>
<doc>Creates an instance of Selenium WebDriver.</doc>
<status status="PASS" start="2026-01-01T21:57:40.426618" elapsed="1.424072"/>
</kw>
<status status="PASS" start="2026-01-01T21:57:40.424876" elapsed="1.426017"/>
</kw>
<kw name="Go To" owner="SeleniumLibrary">
<msg time="2026-01-01T21:57:41.851454" level="INFO">Opening url 'http://localhost:7272/Lab4/Registration.html'</msg>
<arg>${URL}</arg>
<doc>Navigates the current browser window to the provided ``url``.</doc>
<status status="PASS" start="2026-01-01T21:57:41.851111" elapsed="0.230161"/>
</kw>
<status status="PASS" start="2026-01-01T21:57:40.424567" elapsed="1.656908"/>
</kw>
<kw name="Input Text" owner="SeleniumLibrary">
<msg time="2026-01-01T21:57:42.086678" level="INFO">Typing text 'Sodyod' into text field 'id=lastname'.</msg>
<arg>id=lastname</arg>
<arg>Sodyod</arg>
<doc>Types the given ``text`` into the text field identified by ``locator``.</doc>
<status status="PASS" start="2026-01-01T21:57:42.086265" elapsed="0.213860"/>
</kw>
<kw name="Input Text" owner="SeleniumLibrary">
<msg time="2026-01-01T21:57:42.300824" level="INFO">Typing text 'CS KKU' into text field 'id=organization'.</msg>
<arg>id=organization</arg>
<arg>${ORG}</arg>
<doc>Types the given ``text`` into the text field identified by ``locator``.</doc>
<status status="PASS" start="2026-01-01T21:57:42.300497" elapsed="0.126361"/>
</kw>
<kw name="Input Text" owner="SeleniumLibrary">
<msg time="2026-01-01T21:57:42.427660" level="INFO">Typing text 'somyod@kkumail.com' into text field 'id=email'.</msg>
<arg>id=email</arg>
<arg>${EMAIL}</arg>
<doc>Types the given ``text`` into the text field identified by ``locator``.</doc>
<status status="PASS" start="2026-01-01T21:57:42.427297" elapsed="0.117740"/>
</kw>
<kw name="Input Text" owner="SeleniumLibrary">
<msg time="2026-01-01T21:57:42.545815" level="INFO">Typing text '091-001-1234' into text field 'id=phone'.</msg>
<arg>id=phone</arg>
<arg>${PHONE}</arg>
<doc>Types the given ``text`` into the text field identified by ``locator``.</doc>
<status status="PASS" start="2026-01-01T21:57:42.545434" elapsed="0.123018"/>
</kw>
<kw name="Click Button" owner="SeleniumLibrary">
<msg time="2026-01-01T21:57:42.669107" level="INFO">Clicking button 'id=registerButton'.</msg>
<arg>id=registerButton</arg>
<doc>Clicks the button identified by ``locator``.</doc>
<status status="PASS" start="2026-01-01T21:57:42.668822" elapsed="0.127759"/>
</kw>
<kw name="Page Should Contain" owner="SeleniumLibrary">
<msg time="2026-01-01T21:57:42.815270" level="INFO">Current page contains text 'Please enter your first name!!'.</msg>
<arg>Please enter your first name!!</arg>
<doc>Verifies that current page contains ``text``.</doc>
<status status="PASS" start="2026-01-01T21:57:42.797004" elapsed="0.018421"/>
</kw>
<kw name="Capture Page Screenshot" owner="SeleniumLibrary">
<msg time="2026-01-01T21:57:42.904474" level="INFO" html="true">&lt;/td&gt;&lt;/tr&gt;&lt;tr&gt;&lt;td colspan="3"&gt;&lt;a href="docs/Emp_FirstName_Unsuccess.png"&gt;&lt;img src="docs/Emp_FirstName_Unsuccess.png" width="800px"&gt;&lt;/a&gt;</msg>
<arg>docs/Emp_FirstName_Unsuccess.png</arg>
<doc>Takes a screenshot of the current page and embeds it into a log file.</doc>
<status status="PASS" start="2026-01-01T21:57:42.816113" elapsed="0.088502"/>
</kw>
<status status="PASS" start="2026-01-01T21:57:40.424070" elapsed="2.480854"/>
</test>
<test id="s1-s2-t2" name="Empty Last Name" line="38">
<kw name="Open Workshop Registration Page">
<kw name="Open Chrome For Testing">
<kw name="Evaluate" owner="BuiltIn">
<msg time="2026-01-01T21:57:42.906543" level="INFO">${options} = &lt;selenium.webdriver.chrome.options.Options object at 0x00000289957B29E0&gt;</msg>
<var>${options}</var>
<arg>sys.modules['selenium.webdriver'].ChromeOptions()</arg>
<arg>sys</arg>
<doc>Evaluates the given expression in Python and returns the result.</doc>
<status status="PASS" start="2026-01-01T21:57:42.906233" elapsed="0.000341"/>
</kw>
<kw name="Evaluate" owner="BuiltIn">
<arg>setattr($options, "binary_location", r"${CHROME_BROWSER_PATH}")</arg>
<doc>Evaluates the given expression in Python and returns the result.</doc>
<status status="PASS" start="2026-01-01T21:57:42.906676" elapsed="0.000209"/>
</kw>
<kw name="Evaluate" owner="BuiltIn">
<msg time="2026-01-01T21:57:42.907777" level="INFO">${service} = &lt;selenium.webdriver.chrome.service.Service object at 0x00000289957B3490&gt;</msg>
<var>${service}</var>
<arg>sys.modules["selenium.webdriver.chrome.service"].Service(executable_path=r"${CHROME_DRIVER_PATH}")</arg>
<arg>sys</arg>
<doc>Evaluates the given expression in Python and returns the result.</doc>
<status status="PASS" start="2026-01-01T21:57:42.906980" elapsed="0.000869"/>
</kw>
<kw name="Create Webdriver" owner="SeleniumLibrary">
<msg time="2026-01-01T21:57:42.908326" level="INFO">Creating an instance of the Chrome WebDriver.</msg>
<arg>Chrome</arg>
<arg>options=${options}</arg>
<arg>service=${service}</arg>
<doc>Creates an instance of Selenium WebDriver.</doc>
<status status="PASS" start="2026-01-01T21:57:42.908027" elapsed="1.402408"/>
</kw>
<status status="PASS" start="2026-01-01T21:57:42.906018" elapsed="1.404663"/>
</kw>
<kw name="Go To" owner="SeleniumLibrary">
<msg time="2026-01-01T21:57:44.311344" level="INFO">Opening url 'http://localhost:7272/Lab4/Registration.html'</msg>
<arg>${URL}</arg>
<doc>Navigates the current browser window to the provided ``url``.</doc>
<status status="PASS" start="2026-01-01T21:57:44.310905" elapsed="0.404829"/>
</kw>
<status status="PASS" start="2026-01-01T21:57:42.905741" elapsed="1.810201"/>
</kw>
<kw name="Input Text" owner="SeleniumLibrary">
<msg time="2026-01-01T21:57:44.717607" level="INFO">Typing text 'Somyod' into text field 'id=firstname'.</msg>
<arg>id=firstname</arg>
<arg>${FIRSTNAME}</arg>
<doc>Types the given ``text`` into the text field identified by ``locator``.</doc>
<status status="PASS" start="2026-01-01T21:57:44.717137" elapsed="0.347904"/>
</kw>
<kw name="Input Text" owner="SeleniumLibrary">
<msg time="2026-01-01T21:57:45.065965" level="INFO">Typing text 'CS KKU' into text field 'id=organization'.</msg>
<arg>id=organization</arg>
<arg>${ORG}</arg>
<doc>Types the given ``text`` into the text field identified by ``locator``.</doc>
<status status="PASS" start="2026-01-01T21:57:45.065541" elapsed="0.113667"/>
</kw>
<kw name="Input Text" owner="SeleniumLibrary">
<msg time="2026-01-01T21:57:45.180018" level="INFO">Typing text 'somyod@kkumail.com' into text field 'id=email'.</msg>
<arg>id=email</arg>
<arg>${EMAIL}</arg>
<doc>Types the given ``text`` into the text field identified by ``locator``.</doc>
<status status="PASS" start="2026-01-01T21:57:45.179691" elapsed="0.068461"/>
</kw>
<kw name="Input Text" owner="SeleniumLibrary">
<msg time="2026-01-01T21:57:45.249136" level="INFO">Typing text '091-001-1234' into text field 'id=phone'.</msg>
<arg>id=phone</arg>
<arg>${PHONE}</arg>
<doc>Types the given ``text`` into the text field identified by ``locator``.</doc>
<status status="PASS" start="2026-01-01T21:57:45.248646" elapsed="0.071770"/>
</kw>
<kw name="Click Button" owner="SeleniumLibrary">
<msg time="2026-01-01T21:57:45.321287" level="INFO">Clicking button 'id=registerButton'.</msg>
<arg>id=registerButton</arg>
<doc>Clicks the button identified by ``locator``.</doc>
<status status="PASS" start="2026-01-01T21:57:45.320975" elapsed="0.103493"/>
</kw>
<kw name="Page Should Contain" owner="SeleniumLibrary">
<msg time="2026-01-01T21:57:45.454610" level="INFO">Current page contains text 'Please enter your last name!!'.</msg>
<arg>Please enter your last name!!</arg>
<doc>Verifies that current page contains ``text``.</doc>
<status status="PASS" start="2026-01-01T21:57:45.425049" elapsed="0.029673"/>
</kw>
<kw name="Capture Page Screenshot" owner="SeleniumLibrary">
<msg time="2026-01-01T21:57:45.546604" level="INFO" html="true">&lt;/td&gt;&lt;/tr&gt;&lt;tr&gt;&lt;td colspan="3"&gt;&lt;a href="docs/Emp_LastName_Unsuccess.png"&gt;&lt;img src="docs/Emp_LastName_Unsuccess.png" width="800px"&gt;&lt;/a&gt;</msg>
<arg>docs/Emp_LastName_Unsuccess.png</arg>
<doc>Takes a screenshot of the current page and embeds it into a log file.</doc>
<status status="PASS" start="2026-01-01T21:57:45.455006" elapsed="0.091757"/>
</kw>
<status status="PASS" start="2026-01-01T21:57:42.905380" elapsed="2.641922"/>
</test>
<test id="s1-s2-t3" name="Empty First Name and Last Name" line="49">
<kw name="Open Workshop Registration Page">
<kw name="Open Chrome For Testing">
<kw name="Evaluate" owner="BuiltIn">
<msg time="2026-01-01T21:57:45.549813" level="INFO">${options} = &lt;selenium.webdriver.chrome.options.Options object at 0x00000289957E2570&gt;</msg>
<var>${options}</var>
<arg>sys.modules['selenium.webdriver'].ChromeOptions()</arg>
<arg>sys</arg>
<doc>Evaluates the given expression in Python and returns the result.</doc>
<status status="PASS" start="2026-01-01T21:57:45.549436" elapsed="0.000426"/>
</kw>
<kw name="Evaluate" owner="BuiltIn">
<arg>setattr($options, "binary_location", r"${CHROME_BROWSER_PATH}")</arg>
<doc>Evaluates the given expression in Python and returns the result.</doc>
<status status="PASS" start="2026-01-01T21:57:45.549995" elapsed="0.000308"/>
</kw>
<kw name="Evaluate" owner="BuiltIn">
<msg time="2026-01-01T21:57:45.551161" level="INFO">${service} = &lt;selenium.webdriver.chrome.service.Service object at 0x00000289957E3890&gt;</msg>
<var>${service}</var>
<arg>sys.modules["selenium.webdriver.chrome.service"].Service(executable_path=r"${CHROME_DRIVER_PATH}")</arg>
<arg>sys</arg>
<doc>Evaluates the given expression in Python and returns the result.</doc>
<status status="PASS" start="2026-01-01T21:57:45.550525" elapsed="0.000680"/>
</kw>
<kw name="Create Webdriver" owner="SeleniumLibrary">
<msg time="2026-01-01T21:57:45.551568" level="INFO">Creating an instance of the Chrome WebDriver.</msg>
<arg>Chrome</arg>
<arg>options=${options}</arg>
<arg>service=${service}</arg>
<doc>Creates an instance of Selenium WebDriver.</doc>
<status status="PASS" start="2026-01-01T21:57:45.551347" elapsed="1.421740"/>
</kw>
<status status="PASS" start="2026-01-01T21:57:45.549194" elapsed="1.424297"/>
</kw>
<kw name="Go To" owner="SeleniumLibrary">
<msg time="2026-01-01T21:57:46.973893" level="INFO">Opening url 'http://localhost:7272/Lab4/Registration.html'</msg>
<arg>${URL}</arg>
<doc>Navigates the current browser window to the provided ``url``.</doc>
<status status="PASS" start="2026-01-01T21:57:46.973660" elapsed="0.210602"/>
</kw>
<status status="PASS" start="2026-01-01T21:57:45.548851" elapsed="1.635682"/>
</kw>
<kw name="Input Text" owner="SeleniumLibrary">
<msg time="2026-01-01T21:57:47.186691" level="INFO">Typing text 'CS KKU' into text field 'id=organization'.</msg>
<arg>id=organization</arg>
<arg>${ORG}</arg>
<doc>Types the given ``text`` into the text field identified by ``locator``.</doc>
<status status="PASS" start="2026-01-01T21:57:47.185986" elapsed="0.143921"/>
</kw>
<kw name="Input Text" owner="SeleniumLibrary">
<msg time="2026-01-01T21:57:47.330885" level="INFO">Typing text 'somyod@kkumail.com' into text field 'id=email'.</msg>
<arg>id=email</arg>
<arg>${EMAIL}</arg>
<doc>Types the given ``text`` into the text field identified by ``locator``.</doc>
<status status="PASS" start="2026-01-01T21:57:47.330412" elapsed="0.131159"/>
</kw>
<kw name="Input Text" owner="SeleniumLibrary">
<msg time="2026-01-01T21:57:47.462542" level="INFO">Typing text '091-001-1234' into text field 'id=phone'.</msg>
<arg>id=phone</arg>
<arg>${PHONE}</arg>
<doc>Types the given ``text`` into the text field identified by ``locator``.</doc>
<status status="PASS" start="2026-01-01T21:57:47.461979" elapsed="0.137174"/>
</kw>
<kw name="Click Button" owner="SeleniumLibrary">
<msg time="2026-01-01T21:57:47.599942" level="INFO">Clicking button 'id=registerButton'.</msg>
<arg>id=registerButton</arg>
<doc>Clicks the button identified by ``locator``.</doc>
<status status="PASS" start="2026-01-01T21:57:47.599616" elapsed="0.250327"/>
</kw>
<kw name="Page Should Contain" owner="SeleniumLibrary">
<msg time="2026-01-01T21:57:47.878202" level="INFO">Current page contains text 'Please enter your name!!'.</msg>
<arg>Please enter your name!!</arg>
<doc>Verifies that current page contains ``text``.</doc>
<status status="PASS" start="2026-01-01T21:57:47.850356" elapsed="0.027940"/>
</kw>
<kw name="Capture Page Screenshot" owner="SeleniumLibrary">
<msg time="2026-01-01T21:57:47.984171" level="INFO" html="true">&lt;/td&gt;&lt;/tr&gt;&lt;tr&gt;&lt;td colspan="3"&gt;&lt;a href="docs/Emp_FirstLastName_Unsuccess.png"&gt;&lt;img src="docs/Emp_FirstLastName_Unsuccess.png" width="800px"&gt;&lt;/a&gt;</msg>
<arg>docs/Emp_FirstLastName_Unsuccess.png</arg>
<doc>Takes a screenshot of the current page and embeds it into a log file.</doc>
<status status="PASS" start="2026-01-01T21:57:47.878607" elapsed="0.105750"/>
</kw>
<status status="PASS" start="2026-01-01T21:57:45.548267" elapsed="2.436590"/>
</test>
<test id="s1-s2-t4" name="Empty Email" line="58">
<kw name="Open Workshop Registration Page">
<kw name="Open Chrome For Testing">
<kw name="Evaluate" owner="BuiltIn">
<msg time="2026-01-01T21:57:47.986926" level="INFO">${options} = &lt;selenium.webdriver.chrome.options.Options object at 0x0000028994E6B130&gt;</msg>
<var>${options}</var>
<arg>sys.modules['selenium.webdriver'].ChromeOptions()</arg>
<arg>sys</arg>
<doc>Evaluates the given expression in Python and returns the result.</doc>
<status status="PASS" start="2026-01-01T21:57:47.986620" elapsed="0.000347"/>
</kw>
<kw name="Evaluate" owner="BuiltIn">
<arg>setattr($options, "binary_location", r"${CHROME_BROWSER_PATH}")</arg>
<doc>Evaluates the given expression in Python and returns the result.</doc>
<status status="PASS" start="2026-01-01T21:57:47.987094" elapsed="0.000241"/>
</kw>
<kw name="Evaluate" owner="BuiltIn">
<msg time="2026-01-01T21:57:47.987993" level="INFO">${service} = &lt;selenium.webdriver.chrome.service.Service object at 0x0000028994E6B8A0&gt;</msg>
<var>${service}</var>
<arg>sys.modules["selenium.webdriver.chrome.service"].Service(executable_path=r"${CHROME_DRIVER_PATH}")</arg>
<arg>sys</arg>
<doc>Evaluates the given expression in Python and returns the result.</doc>
<status status="PASS" start="2026-01-01T21:57:47.987438" elapsed="0.000588"/>
</kw>
<kw name="Create Webdriver" owner="SeleniumLibrary">
<msg time="2026-01-01T21:57:47.988355" level="INFO">Creating an instance of the Chrome WebDriver.</msg>
<arg>Chrome</arg>
<arg>options=${options}</arg>
<arg>service=${service}</arg>
<doc>Creates an instance of Selenium WebDriver.</doc>
<status status="PASS" start="2026-01-01T21:57:47.988163" elapsed="1.685916"/>
</kw>
<status status="PASS" start="2026-01-01T21:57:47.986428" elapsed="1.687874"/>
</kw>
<kw name="Go To" owner="SeleniumLibrary">
<msg time="2026-01-01T21:57:49.674857" level="INFO">Opening url 'http://localhost:7272/Lab4/Registration.html'</msg>
<arg>${URL}</arg>
<doc>Navigates the current browser window to the provided ``url``.</doc>
<status status="PASS" start="2026-01-01T21:57:49.674513" elapsed="1.324164"/>
</kw>
<status status="PASS" start="2026-01-01T21:57:47.986126" elapsed="3.012726"/>
</kw>
<kw name="Input Text" owner="SeleniumLibrary">
<msg time="2026-01-01T21:57:50.999961" level="INFO">Typing text 'Somyod' into text field 'id=firstname'.</msg>
<arg>id=firstname</arg>
<arg>${FIRSTNAME}</arg>
<doc>Types the given ``text`` into the text field identified by ``locator``.</doc>
<status status="PASS" start="2026-01-01T21:57:50.999545" elapsed="0.174238"/>
</kw>
<kw name="Input Text" owner="SeleniumLibrary">
<msg time="2026-01-01T21:57:51.174738" level="INFO">Typing text 'Sodsai' into text field 'id=lastname'.</msg>
<arg>id=lastname</arg>
<arg>${LASTNAME}</arg>
<doc>Types the given ``text`` into the text field identified by ``locator``.</doc>
<status status="PASS" start="2026-01-01T21:57:51.174405" elapsed="0.096774"/>
</kw>
<kw name="Input Text" owner="SeleniumLibrary">
<msg time="2026-01-01T21:57:51.271959" level="INFO">Typing text 'CS KKU' into text field 'id=organization'.</msg>
<arg>id=organization</arg>
<arg>${ORG}</arg>
<doc>Types the given ``text`` into the text field identified by ``locator``.</doc>
<status status="PASS" start="2026-01-01T21:57:51.271589" elapsed="0.090767"/>
</kw>
<kw name="Input Text" owner="SeleniumLibrary">
<msg time="2026-01-01T21:57:51.363132" level="INFO">Typing text '091-001-1234' into text field 'id=phone'.</msg>
<arg>id=phone</arg>
<arg>${PHONE}</arg>
<doc>Types the given ``text`` into the text field identified by ``locator``.</doc>
<status status="PASS" start="2026-01-01T21:57:51.362744" elapsed="0.094217"/>
</kw>
<kw name="Click Button" owner="SeleniumLibrary">
<msg time="2026-01-01T21:57:51.457664" level="INFO">Clicking button 'id=registerButton'.</msg>
<arg>id=registerButton</arg>
<doc>Clicks the button identified by ``locator``.</doc>
<status status="PASS" start="2026-01-01T21:57:51.457365" elapsed="0.140324"/>
</kw>
<kw name="Page Should Contain" owner="SeleniumLibrary">
<msg time="2026-01-01T21:57:51.613290" level="INFO">Current page contains text 'Please enter your email!!'.</msg>
<arg>Please enter your email!!</arg>
<doc>Verifies that current page contains ``text``.</doc>
<status status="PASS" start="2026-01-01T21:57:51.598018" elapsed="0.015426"/>
</kw>
<kw name="Capture Page Screenshot" owner="SeleniumLibrary">
<msg time="2026-01-01T21:57:51.712192" level="INFO" html="true">&lt;/td&gt;&lt;/tr&gt;&lt;tr&gt;&lt;td colspan="3"&gt;&lt;a href="docs/Emp_Email_Unsuccess.png"&gt;&lt;img src="docs/Emp_Email_Unsuccess.png" width="800px"&gt;&lt;/a&gt;</msg>
<arg>docs/Emp_Email_Unsuccess.png</arg>
<doc>Takes a screenshot of the current page and embeds it into a log file.</doc>
<status status="PASS" start="2026-01-01T21:57:51.614047" elapsed="0.098320"/>
</kw>
<status status="PASS" start="2026-01-01T21:57:47.985657" elapsed="3.727155"/>
</test>
<test id="s1-s2-t5" name="Empty Phone Number" line="68">
<kw name="Open Workshop Registration Page">
<kw name="Open Chrome For Testing">
<kw name="Evaluate" owner="BuiltIn">
<msg time="2026-01-01T21:57:51.715293" level="INFO">${options} = &lt;selenium.webdriver.chrome.options.Options object at 0x0000028994E6B790&gt;</msg>
<var>${options}</var>
<arg>sys.modules['selenium.webdriver'].ChromeOptions()</arg>
<arg>sys</arg>
<doc>Evaluates the given expression in Python and returns the result.</doc>
<status status="PASS" start="2026-01-01T21:57:51.714877" elapsed="0.000463"/>
</kw>
<kw name="Evaluate" owner="BuiltIn">
<arg>setattr($options, "binary_location", r"${CHROME_BROWSER_PATH}")</arg>
<doc>Evaluates the given expression in Python and returns the result.</doc>
<status status="PASS" start="2026-01-01T21:57:51.715504" elapsed="0.000716"/>
</kw>
<kw name="Evaluate" owner="BuiltIn">
<msg time="2026-01-01T21:57:51.717606" level="INFO">${service} = &lt;selenium.webdriver.chrome.service.Service object at 0x000002899580ABE0&gt;</msg>
<var>${service}</var>
<arg>sys.modules["selenium.webdriver.chrome.service"].Service(executable_path=r"${CHROME_DRIVER_PATH}")</arg>
<arg>sys</arg>
<doc>Evaluates the given expression in Python and returns the result.</doc>
<status status="PASS" start="2026-01-01T21:57:51.716619" elapsed="0.001046"/>
</kw>
<kw name="Create Webdriver" owner="SeleniumLibrary">
<msg time="2026-01-01T21:57:51.718425" level="INFO">Creating an instance of the Chrome WebDriver.</msg>
<arg>Chrome</arg>
<arg>options=${options}</arg>
<arg>service=${service}</arg>
<doc>Creates an instance of Selenium WebDriver.</doc>
<status status="PASS" start="2026-01-01T21:57:51.717950" elapsed="1.538903"/>
</kw>
<status status="PASS" start="2026-01-01T21:57:51.714719" elapsed="1.542326"/>
</kw>
<kw name="Go To" owner="SeleniumLibrary">
<msg time="2026-01-01T21:57:53.257500" level="INFO">Opening url 'http://localhost:7272/Lab4/Registration.html'</msg>
<arg>${URL}</arg>
<doc>Navigates the current browser window to the provided ``url``.</doc>
<status status="PASS" start="2026-01-01T21:57:53.257241" elapsed="0.283202"/>
</kw>
<status status="PASS" start="2026-01-01T21:57:51.714478" elapsed="1.826181"/>
</kw>
<kw name="Input Text" owner="SeleniumLibrary">
<msg time="2026-01-01T21:57:53.542190" level="INFO">Typing text 'Somyod' into text field 'id=firstname'.</msg>
<arg>id=firstname</arg>
<arg>${FIRSTNAME}</arg>
<doc>Types the given ``text`` into the text field identified by ``locator``.</doc>
<status status="PASS" start="2026-01-01T21:57:53.541707" elapsed="0.169156"/>
</kw>
<kw name="Input Text" owner="SeleniumLibrary">
<msg time="2026-01-01T21:57:53.711975" level="INFO">Typing text 'Sodsai' into text field 'id=lastname'.</msg>
<arg>id=lastname</arg>
<arg>${LASTNAME}</arg>
<doc>Types the given ``text`` into the text field identified by ``locator``.</doc>
<status status="PASS" start="2026-01-01T21:57:53.711393" elapsed="0.081947"/>
</kw>
<kw name="Input Text" owner="SeleniumLibrary">
<msg time="2026-01-01T21:57:53.793966" level="INFO">Typing text 'CS KKU' into text field 'id=organization'.</msg>
<arg>id=organization</arg>
<arg>${ORG}</arg>
<doc>Types the given ``text`` into the text field identified by ``locator``.</doc>
<status status="PASS" start="2026-01-01T21:57:53.793709" elapsed="0.084098"/>
</kw>
<kw name="Input Text" owner="SeleniumLibrary">
<msg time="2026-01-01T21:57:53.878636" level="INFO">Typing text 'somyod@kkumail.com' into text field 'id=email'.</msg>
<arg>id=email</arg>
<arg>${EMAIL}</arg>
<doc>Types the given ``text`` into the text field identified by ``locator``.</doc>
<status status="PASS" start="2026-01-01T21:57:53.878290" elapsed="0.127502"/>
</kw>
<kw name="Click Button" owner="SeleniumLibrary">
<msg time="2026-01-01T21:57:54.006458" level="INFO">Clicking button 'id=registerButton'.</msg>
<arg>id=registerButton</arg>
<doc>Clicks the button identified by ``locator``.</doc>
<status status="PASS" start="2026-01-01T21:57:54.006179" elapsed="0.079809"/>
</kw>
<kw name="Page Should Contain" owner="SeleniumLibrary">
<msg time="2026-01-01T21:57:54.107476" level="INFO">Current page contains text 'Please enter your phone number!!'.</msg>
<arg>Please enter your phone number!!</arg>
<doc>Verifies that current page contains ``text``.</doc>
<status status="PASS" start="2026-01-01T21:57:54.086337" elapsed="0.021288"/>
</kw>
<kw name="Capture Page Screenshot" owner="SeleniumLibrary">
<msg time="2026-01-01T21:57:54.233905" level="INFO" html="true">&lt;/td&gt;&lt;/tr&gt;&lt;tr&gt;&lt;td colspan="3"&gt;&lt;a href="docs/Emp_Num_Unsuccess.png"&gt;&lt;img src="docs/Emp_Num_Unsuccess.png" width="800px"&gt;&lt;/a&gt;</msg>
<arg>docs/Emp_Num_Unsuccess.png</arg>
<doc>Takes a screenshot of the current page and embeds it into a log file.</doc>
<status status="PASS" start="2026-01-01T21:57:54.108113" elapsed="0.125973"/>
</kw>
<status status="PASS" start="2026-01-01T21:57:51.713473" elapsed="2.521011"/>
</test>
<test id="s1-s2-t6" name="Invalid Phone Number" line="79">
<kw name="Open Workshop Registration Page">
<kw name="Open Chrome For Testing">
<kw name="Evaluate" owner="BuiltIn">
<msg time="2026-01-01T21:57:54.236110" level="INFO">${options} = &lt;selenium.webdriver.chrome.options.Options object at 0x00000289957E7650&gt;</msg>
<var>${options}</var>
<arg>sys.modules['selenium.webdriver'].ChromeOptions()</arg>
<arg>sys</arg>
<doc>Evaluates the given expression in Python and returns the result.</doc>
<status status="PASS" start="2026-01-01T21:57:54.235824" elapsed="0.000328"/>
</kw>
<kw name="Evaluate" owner="BuiltIn">
<arg>setattr($options, "binary_location", r"${CHROME_BROWSER_PATH}")</arg>
<doc>Evaluates the given expression in Python and returns the result.</doc>
<status status="PASS" start="2026-01-01T21:57:54.236477" elapsed="0.000290"/>
</kw>
<kw name="Evaluate" owner="BuiltIn">
<msg time="2026-01-01T21:57:54.237415" level="INFO">${service} = &lt;selenium.webdriver.chrome.service.Service object at 0x00000289957E7950&gt;</msg>
<var>${service}</var>
<arg>sys.modules["selenium.webdriver.chrome.service"].Service(executable_path=r"${CHROME_DRIVER_PATH}")</arg>
<arg>sys</arg>
<doc>Evaluates the given expression in Python and returns the result.</doc>
<status status="PASS" start="2026-01-01T21:57:54.236886" elapsed="0.000564"/>
</kw>
<kw name="Create Webdriver" owner="SeleniumLibrary">
<msg time="2026-01-01T21:57:54.237771" level="INFO">Creating an instance of the Chrome WebDriver.</msg>
<arg>Chrome</arg>
<arg>options=${options}</arg>
<arg>service=${service}</arg>
<doc>Creates an instance of Selenium WebDriver.</doc>
<status status="PASS" start="2026-01-01T21:57:54.237575" elapsed="1.333140"/>
</kw>
<status status="PASS" start="2026-01-01T21:57:54.235689" elapsed="1.335198"/>
</kw>
<kw name="Go To" owner="SeleniumLibrary">
<msg time="2026-01-01T21:57:55.571568" level="INFO">Opening url 'http://localhost:7272/Lab4/Registration.html'</msg>
<arg>${URL}</arg>
<doc>Navigates the current browser window to the provided ``url``.</doc>
<status status="PASS" start="2026-01-01T21:57:55.571141" elapsed="0.198063"/>
</kw>
<status status="PASS" start="2026-01-01T21:57:54.235472" elapsed="1.533948"/>
</kw>
<kw name="Input Text" owner="SeleniumLibrary">
<msg time="2026-01-01T21:57:55.772171" level="INFO">Typing text 'Somyod' into text field 'id=firstname'.</msg>
<arg>id=firstname</arg>
<arg>${FIRSTNAME}</arg>
<doc>Types the given ``text`` into the text field identified by ``locator``.</doc>
<status status="PASS" start="2026-01-01T21:57:55.771620" elapsed="0.731824"/>
</kw>
<kw name="Input Text" owner="SeleniumLibrary">
<msg time="2026-01-01T21:57:56.504691" level="INFO">Typing text 'Sodsai' into text field 'id=lastname'.</msg>
<arg>id=lastname</arg>
<arg>${LASTNAME}</arg>
<doc>Types the given ``text`` into the text field identified by ``locator``.</doc>
<status status="PASS" start="2026-01-01T21:57:56.504199" elapsed="0.212931"/>
</kw>
<kw name="Input Text" owner="SeleniumLibrary">
<msg time="2026-01-01T21:57:56.718924" level="INFO">Typing text 'CS KKU' into text field 'id=organization'.</msg>
<arg>id=organization</arg>
<arg>${ORG}</arg>
<doc>Types the given ``text`` into the text field identified by ``locator``.</doc>
<status status="PASS" start="2026-01-01T21:57:56.718289" elapsed="0.214087"/>
</kw>
<kw name="Input Text" owner="SeleniumLibrary">
<msg time="2026-01-01T21:57:56.933401" level="INFO">Typing text 'somyod@kkumail.com' into text field 'id=email'.</msg>
<arg>id=email</arg>
<arg>${EMAIL}</arg>
<doc>Types the given ``text`` into the text field identified by ``locator``.</doc>
<status status="PASS" start="2026-01-01T21:57:56.933002" elapsed="0.199340"/>
</kw>
<kw name="Input Text" owner="SeleniumLibrary">
<msg time="2026-01-01T21:57:57.133069" level="INFO">Typing text '1234' into text field 'id=phone'.</msg>
<arg>id=phone</arg>
<arg>1234</arg>
<doc>Types the given ``text`` into the text field identified by ``locator``.</doc>
<status status="PASS" start="2026-01-01T21:57:57.132760" elapsed="0.082257"/>
</kw>
<kw name="Click Button" owner="SeleniumLibrary">
<msg time="2026-01-01T21:57:57.215796" level="INFO">Clicking button 'id=registerButton'.</msg>
<arg>id=registerButton</arg>
<doc>Clicks the button identified by ``locator``.</doc>
<status status="PASS" start="2026-01-01T21:57:57.215486" elapsed="0.098628"/>
</kw>
<kw name="Page Should Contain" owner="SeleniumLibrary">
<msg time="2026-01-01T21:57:57.447210" level="INFO" html="true">&lt;/td&gt;&lt;/tr&gt;&lt;tr&gt;&lt;td colspan="3"&gt;&lt;a href="selenium-screenshot-6.png"&gt;&lt;img src="selenium-screenshot-6.png" width="800px"&gt;&lt;/a&gt;</msg>
<msg time="2026-01-01T21:57:57.452728" level="FAIL">Page should have contained text 'Please enter a valid phone number, e.g., 081-234-5678, 081 234 5678, or 081.234.5678' but did not.</msg>
<arg>Please enter a valid phone number, e.g., 081-234-5678, 081 234 5678, or 081.234.5678</arg>
<doc>Verifies that current page contains ``text``.</doc>
<status status="FAIL" start="2026-01-01T21:57:57.314515" elapsed="0.231077">Page should have contained text 'Please enter a valid phone number, e.g., 081-234-5678, 081 234 5678, or 081.234.5678' but did not.</status>
</kw>
<kw name="Capture Page Screenshot" owner="SeleniumLibrary">
<arg>docs/Invalid_Phone_Unsuccess.png</arg>
<doc>Takes a screenshot of the current page and embeds it into a log file.</doc>
<status status="NOT RUN" start="2026-01-01T21:57:57.546769" elapsed="0.000133"/>
</kw>
<status status="FAIL" start="2026-01-01T21:57:54.234986" elapsed="3.313181">Page should have contained text 'Please enter a valid phone number, e.g., 081-234-5678, 081 234 5678, or 081.234.5678' but did not.</status>
</test>
<status status="FAIL" start="2026-01-01T21:57:40.420336" elapsed="17.129409"/>
</suite>
<status status="FAIL" start="2026-01-01T21:57:30.844595" elapsed="26.706555"/>
</suite>
<statistics>
<total>
<stat pass="8" fail="1" skip="0">All Tests</stat>
</total>
<tag>
</tag>
<suite>
<stat name="Tests" id="s1" pass="8" fail="1" skip="0">Tests</stat>
<stat name="Success Registration" id="s1-s1" pass="3" fail="0" skip="0">Tests.Success Registration</stat>
<stat name="Unsuccess Registration" id="s1-s2" pass="5" fail="1" skip="0">Tests.Unsuccess Registration</stat>
</suite>
</statistics>
<errors>
</errors>
</robot>
